[07:05:38] [main/INFO]: Using mbed TLS based native cipher.
[07:05:38] [main/INFO]: Using zlib based native compressor.
[07:05:38] [main/INFO]: Enabled Waterfall version git:Waterfall-Bootstrap:1.19-R0.1-SNAPSHOT:f6069e2:513
[07:05:38] [main/INFO]: Not on Windows, attempting to use enhanced EpollEventLoop
[07:05:38] [main/INFO]: Epoll is working, utilising it!
[07:05:38] [main/INFO]: Discovered module: ModuleSpec(name=cmd_alert, file=modules/cmd_alert.jar, provider=JenkinsModuleSource())
[07:05:38] [main/INFO]: Discovered module: ModuleSpec(name=cmd_find, file=modules/cmd_find.jar, provider=JenkinsModuleSource())
[07:05:38] [main/INFO]: Discovered module: ModuleSpec(name=cmd_list, file=modules/cmd_list.jar, provider=JenkinsModuleSource())
[07:05:38] [main/INFO]: Discovered module: ModuleSpec(name=cmd_send, file=modules/cmd_send.jar, provider=JenkinsModuleSource())
[07:05:38] [main/INFO]: Discovered module: ModuleSpec(name=cmd_server, file=modules/cmd_server.jar, provider=JenkinsModuleSource())
[07:05:38] [main/INFO]: Discovered module: ModuleSpec(name=reconnect_yaml, file=modules/reconnect_yaml.jar, provider=JenkinsModuleSource())
[07:05:38] [main/INFO]: Attempting to update plugin from null to ModuleVersion(build=513, git=f6069e2)
[07:05:38] [main/INFO]: Attempting to Jenkins download module cmd_alert v513
[07:05:39] [main/INFO]: Download complete
[07:05:39] [main/INFO]: Attempting to update plugin from null to ModuleVersion(build=513, git=f6069e2)
[07:05:39] [main/INFO]: Attempting to Jenkins download module cmd_find v513
[07:05:39] [main/INFO]: Download complete
[07:05:39] [main/INFO]: Attempting to update plugin from null to ModuleVersion(build=513, git=f6069e2)
[07:05:39] [main/INFO]: Attempting to Jenkins download module cmd_list v513
[07:05:39] [main/INFO]: Download complete
[07:05:39] [main/INFO]: Attempting to update plugin from null to ModuleVersion(build=513, git=f6069e2)
[07:05:39] [main/INFO]: Attempting to Jenkins download module cmd_send v513
[07:05:39] [main/INFO]: Download complete
[07:05:39] [main/INFO]: Attempting to update plugin from null to ModuleVersion(build=513, git=f6069e2)
[07:05:39] [main/INFO]: Attempting to Jenkins download module cmd_server v513
[07:05:39] [main/INFO]: Download complete
[07:05:39] [main/INFO]: Attempting to update plugin from null to ModuleVersion(build=513, git=f6069e2)
[07:05:39] [main/INFO]: Attempting to Jenkins download module reconnect_yaml v513
[07:05:39] [main/INFO]: Download complete
[07:05:39] [main/INFO]: Loaded plugin reconnect_yaml version git:reconnect_yaml:1.19-R0.1-SNAPSHOT:f6069e2:513 by WaterfallMC
[07:05:39] [main/INFO]: Loaded plugin cmd_find version git:cmd_find:1.19-R0.1-SNAPSHOT:f6069e2:513 by WaterfallMC
[07:05:39] [main/INFO]: Loaded plugin cmd_server version git:cmd_server:1.19-R0.1-SNAPSHOT:f6069e2:513 by WaterfallMC
[07:05:39] [main/INFO]: Loaded plugin cmd_alert version git:cmd_alert:1.19-R0.1-SNAPSHOT:f6069e2:513 by WaterfallMC
[07:05:39] [main/INFO]: Loaded plugin cmd_send version git:cmd_send:1.19-R0.1-SNAPSHOT:f6069e2:513 by WaterfallMC
[07:05:39] [main/INFO]: Loaded plugin cmd_list version git:cmd_list:1.19-R0.1-SNAPSHOT:f6069e2:513 by WaterfallMC
[07:05:39] [main/WARN]: :>:>:>:>:>:>:>:>:>:>:>:>:>:>:>:>:>:>:>:>:>:>:>
[07:05:39] [main/WARN]: :>  
[07:05:39] [main/WARN]: :>      EAGLERCRAFTXBUNGEE WARNING:
[07:05:39] [main/WARN]: :>  
[07:05:39] [main/WARN]: :>  This plugin wasn't tested to be 'working'
[07:05:39] [main/WARN]: :>  with ANY version of BungeeCord (and forks)
[07:05:39] [main/WARN]: :>  apart from the versions listed below:
[07:05:39] [main/WARN]: :>  
[07:05:39] [main/WARN]: :>  - BungeeCord: 1.20-R0.3-SNAPSHOT:eda268b:1797
[07:05:39] [main/WARN]: :>  - Waterfall: 1.20-R0.2-SNAPSHOT:92b5149:562
[07:05:39] [main/WARN]: :>  - FlameCord: 1.1.1
[07:05:39] [main/WARN]: :>  
[07:05:39] [main/WARN]: :>  This is not a Bukkit/Spigot plugin!
[07:05:39] [main/WARN]: :>  
[07:05:39] [main/WARN]: :>  Use "-Deaglerxbungee.stfu=true" to hide
[07:05:39] [main/WARN]: :>  
[07:05:39] [main/WARN]: :>:>:>:>:>:>:>:>:>:>:>:>:>:>:>:>:>:>:>:>:>:>:>
[07:05:39] [main/INFO] [EaglercraftXBungee]: Loading vanilla profile: lax1dude
[07:05:39] [Skin Download Thread #1/INFO] [EaglercraftXBungee]: Loaded vanilla profile: lax1dude
[07:05:39] [main/INFO]: Loaded plugin EaglercraftXBungee version 1.0.10 by lax1dude
[07:05:39] [main/WARN]: Forced host server pvp is not defined
[07:05:39] [main/INFO]: Enabled plugin reconnect_yaml version git:reconnect_yaml:1.19-R0.1-SNAPSHOT:f6069e2:513 by WaterfallMC
[07:05:39] [main/INFO]: Enabled plugin cmd_find version git:cmd_find:1.19-R0.1-SNAPSHOT:f6069e2:513 by WaterfallMC
[07:05:39] [main/INFO]: Enabled plugin cmd_server version git:cmd_server:1.19-R0.1-SNAPSHOT:f6069e2:513 by WaterfallMC
[07:05:39] [main/INFO]: Enabled plugin cmd_alert version git:cmd_alert:1.19-R0.1-SNAPSHOT:f6069e2:513 by WaterfallMC
[07:05:39] [main/INFO]: Enabled plugin cmd_send version git:cmd_send:1.19-R0.1-SNAPSHOT:f6069e2:513 by WaterfallMC
[07:05:39] [main/INFO]: Enabled plugin cmd_list version git:cmd_list:1.19-R0.1-SNAPSHOT:f6069e2:513 by WaterfallMC
[07:05:39] [main/ERROR] [EaglercraftXBungee]: Online mode is set to false! Authentication system has been disabled
[07:05:39] [Netty Worker IO Thread #0/INFO] [EaglercraftXBungee]: Eaglercraft is listening on: /0.0.0.0:8081
[07:05:39] [main/INFO] [EaglercraftXBungee]: Downloading from maven: https://repo1.maven.org/maven2/org/xerial/sqlite-jdbc/3.45.0.0/sqlite-jdbc-3.45.0.0.jar
[07:05:40] [EaglerXBungee: Network Tick Tasks/INFO] [EaglercraftXBungee]: Downloading new certificate: https://eaglercraft.com/backup.cert
[07:05:40] [main/INFO] [EaglercraftXBungee]: Connected to database: jdbc:sqlite:eaglercraft_skins_cache.db
[07:05:40] [EaglerXBungee: Network Tick Tasks/INFO] [EaglercraftXBungee]: Loaded certificate: /workspaces/SSELBMM/bungee/plugins/EaglercraftXBungee/eagcert/$dl.11da5ec1e9d8efe3fa0e9998b0c264f5c8cb155f.cert
[07:05:40] [main/INFO]: Enabled plugin EaglercraftXBungee version 1.0.10 by lax1dude
[07:05:40] [Netty Boss IO Thread #0/INFO]: Listening on /127.0.0.1:25577
[07:06:45] [Netty Worker IO Thread #1/INFO] [EaglercraftXBungee]: [/[0:0:0:0:0:0:0:1%0]:40412]: Connected via websocket
[07:06:45] [Netty Worker IO Thread #1/INFO] [EaglercraftXBungee]: [/[0:0:0:0:0:0:0:1%0]:40412]: Origin header is https://webclientadvanced.eagler-empire.com
[07:06:45] [Netty Worker IO Thread #1/INFO] [EaglercraftXBungee]: [/[0:0:0:0:0:0:0:1%0]:40412]: Logged in as 'BayerASSpirin'
[07:06:45] [EaglerXBungee: Network Tick Tasks/ERROR] [EaglercraftXBungee]: Exception in thread "EaglerXBungee: Network Tick Tasks"! java.lang.NullPointerException: Cannot invoke "net.md_5.bungee.forge.ForgeClientHandler.isForgeUser()" because "this.forgeClientHandler" is null
[07:06:45] [EaglerXBungee: Network Tick Tasks/ERROR]: java.lang.NullPointerException: Cannot invoke "net.md_5.bungee.forge.ForgeClientHandler.isForgeUser()" because "this.forgeClientHandler" is null
[07:06:45] [EaglerXBungee: Network Tick Tasks/ERROR]: 	at net.md_5.bungee.UserConnection.sendData(UserConnection.java:550)
[07:06:45] [EaglerXBungee: Network Tick Tasks/ERROR]: 	at net.lax1dude.eaglercraft.v1_8.plugin.gateway_bungeecord.server.EaglerPipeline$1.run(EaglerPipeline.java:133)
[07:06:45] [EaglerXBungee: Network Tick Tasks/ERROR]: 	at java.base/java.util.TimerThread.mainLoop(Timer.java:566)
[07:06:45] [EaglerXBungee: Network Tick Tasks/ERROR]: 	at java.base/java.util.TimerThread.run(Timer.java:516)
[07:06:45] [Netty Worker IO Thread #1/INFO]: [/[0:0:0:0:0:0:0:1%0]:40412|BayerASSpirin] -> UpstreamBridge has connected
[07:06:45] [Netty Worker IO Thread #1/INFO]: [BayerASSpirin|/[0:0:0:0:0:0:0:1%0]:40412] <-> ServerConnector [lobby] has connected
[07:07:12] [Netty Worker IO Thread #1/INFO]: [/[0:0:0:0:0:0:0:1%0]:40412|BayerASSpirin] -> UpstreamBridge has disconnected
[07:07:12] [Netty Worker IO Thread #1/INFO]: [BayerASSpirin] disconnected with: Proxy lost connection to server.
[07:07:12] [Netty Worker IO Thread #1/INFO]: [/[0:0:0:0:0:0:0:1%0]:40412|BayerASSpirin] <-> DownstreamBridge <-> [lobby] has disconnected
[07:07:13] [Netty Worker IO Thread #2/WARN] [EaglercraftXBungee]: Server icon is not a file: /workspaces/SSELBMM/bungee/server-icon.png
